<?xml version="1.0" encoding="UTF-8"?>
<!-- Generated by org.testng.reporters.JUnitReportReporter -->
<testsuite hostname="LAPTOP-PUL1BTPK" name="thaodam.NewTest" tests="2" failures="0" timestamp="20 Feb 2019 16:45:19 GMT" time="0.070" errors="0">
  <testcase name="TC_01_CheckTitle" time="0.050" classname="thaodam.NewTest"/>
  <testcase name="TC_01_CheckUrl" time="0.020" classname="thaodam.NewTest"/>
</testsuite> <!-- thaodam.NewTest -->
